<?xml version="1.0" encoding="UTF-8"?>
<!-- Generated by org.testng.reporters.JUnitXMLReporter -->
<testsuite hostname="LAPTOP-GGQ96VIC" ignored="0" name="Surefire test" tests="1" failures="1" timestamp="2022-12-27T16:29:52 IST" time="78.204" errors="0">
  <testcase name="PayOnlineTest" time="78.166" classname="Tests.PayOnline_workflow">
    <failure type="org.openqa.selenium.NoSuchElementException" message="An element could not be located on the page using the given search parameters.
For documentation on this error, please visit: https://selenium.dev/exceptions/#no_such_element
Build info: version: &amp;apos;4.7.0&amp;apos;, revision: &amp;apos;0a5b49d16f&amp;apos;
System info: os.name: &amp;apos;Windows 10&amp;apos;, os.arch: &amp;apos;amd64&amp;apos;, os.version: &amp;apos;10.0&amp;apos;, java.version: &amp;apos;1.8.0_202&amp;apos;
Driver info: io.appium.java_client.android.AndroidDriver
Command: [beab5a67-f9ba-468a-977c-35be432ef44f, findElement {using=xpath, value=//android.widget.TextView[@index=1]}]
Capabilities {appium:adbExecTimeout: 50000, appium:app: D:\Automation\KapivaMobileA..., appium:appPackage: com.kapiva.app, appium:appWaitDuration: 30000, appium:appWaitforLaunch: false, appium:autoGrantPermissions: true, appium:automationName: UiAutomator2, appium:databaseEnabled: false, appium:desired: {adbExecTimeout: 50000, app: D:\Automation\KapivaMobileA..., appWaitDuration: 30000, appWaitforLaunch: false, autoGrantPermissions: true, automationName: UiAutomator2, ignoreHiddenApiPolicyError: true, platformName: android, uiautomater2ServerInstallTimeout: 60000}, appium:deviceApiLevel: 31, appium:deviceManufacturer: Xiaomi, appium:deviceModel: 220333QBI, appium:deviceName: 72c414f1, appium:deviceScreenDensity: 320, appium:deviceScreenSize: 720x1650, appium:deviceUDID: 72c414f1, appium:ignoreHiddenApiPolicyError: true, appium:javascriptEnabled: true, appium:locationContextEnabled: false, appium:networkConnectionEnabled: true, appium:pixelRatio: 2, appium:platformVersion: 12, appium:statBarHeight: 49, appium:takesScreenshot: true, appium:uiautomater2ServerInstallTimeout: 60000, appium:viewportRect: {height: 1458, left: 0, top: 49, width: 720}, appium:warnings: {}, appium:webStorageEnabled: false, platformName: ANDROID}
Session ID: beab5a67-f9ba-468a-977c-35be432ef44f">
      <![CDATA[org.openqa.selenium.NoSuchElementException: An element could not be located on the page using the given search parameters.
For documentation on this error, please visit: https://selenium.dev/exceptions/#no_such_element
Build info: version: '4.7.0', revision: '0a5b49d16f'
System info: os.name: 'Windows 10', os.arch: 'amd64', os.version: '10.0', java.version: '1.8.0_202'
Driver info: io.appium.java_client.android.AndroidDriver
Command: [beab5a67-f9ba-468a-977c-35be432ef44f, findElement {using=xpath, value=//android.widget.TextView[@index=1]}]
Capabilities {appium:adbExecTimeout: 50000, appium:app: D:\Automation\KapivaMobileA..., appium:appPackage: com.kapiva.app, appium:appWaitDuration: 30000, appium:appWaitforLaunch: false, appium:autoGrantPermissions: true, appium:automationName: UiAutomator2, appium:databaseEnabled: false, appium:desired: {adbExecTimeout: 50000, app: D:\Automation\KapivaMobileA..., appWaitDuration: 30000, appWaitforLaunch: false, autoGrantPermissions: true, automationName: UiAutomator2, ignoreHiddenApiPolicyError: true, platformName: android, uiautomater2ServerInstallTimeout: 60000}, appium:deviceApiLevel: 31, appium:deviceManufacturer: Xiaomi, appium:deviceModel: 220333QBI, appium:deviceName: 72c414f1, appium:deviceScreenDensity: 320, appium:deviceScreenSize: 720x1650, appium:deviceUDID: 72c414f1, appium:ignoreHiddenApiPolicyError: true, appium:javascriptEnabled: true, appium:locationContextEnabled: false, appium:networkConnectionEnabled: true, appium:pixelRatio: 2, appium:platformVersion: 12, appium:statBarHeight: 49, appium:takesScreenshot: true, appium:uiautomater2ServerInstallTimeout: 60000, appium:viewportRect: {height: 1458, left: 0, top: 49, width: 720}, appium:warnings: {}, appium:webStorageEnabled: false, platformName: ANDROID}
Session ID: beab5a67-f9ba-468a-977c-35be432ef44f
at org.openqa.selenium.remote.codec.w3c.W3CHttpResponseCodec.createException(W3CHttpResponseCodec.java:200)
at org.openqa.selenium.remote.codec.w3c.W3CHttpResponseCodec.decode(W3CHttpResponseCodec.java:133)
at org.openqa.selenium.remote.codec.w3c.W3CHttpResponseCodec.decode(W3CHttpResponseCodec.java:53)
at org.openqa.selenium.remote.HttpCommandExecutor.execute(HttpCommandExecutor.java:184)
at io.appium.java_client.remote.AppiumCommandExecutor.execute(AppiumCommandExecutor.java:262)
at org.openqa.selenium.remote.RemoteWebDriver.execute(RemoteWebDriver.java:541)
at org.openqa.selenium.remote.ElementLocation$ElementFinder$2.findElement(ElementLocation.java:162)
at org.openqa.selenium.remote.ElementLocation.findElement(ElementLocation.java:60)
at org.openqa.selenium.remote.RemoteWebDriver.findElement(RemoteWebDriver.java:365)
at org.openqa.selenium.remote.RemoteWebDriver.findElement(RemoteWebDriver.java:357)
at Tests.PayOnline_workflow.PayOnlineTest(PayOnline_workflow.java:137)
at java.util.ArrayList.forEach(ArrayList.java:1257)
... Removed 36 stack frames]]>
    </failure>
  </testcase> <!-- PayOnlineTest -->
</testsuite> <!-- Surefire test -->
