-------------------------------------------------------------------------------
Test set: Tests.Login
-------------------------------------------------------------------------------
Tests run: 1, Failures: 1, Errors: 0, Skipped: 0, Time elapsed: 113.97 s <<< FAILURE! - in Tests.Login
LoginTest(Tests.Login)  Time elapsed: 112.491 s  <<< FAILURE!
org.openqa.selenium.NoSuchElementException: 
An element could not be located on the page using the given search parameters.
For documentation on this error, please visit: https://selenium.dev/exceptions/#no_such_element
Build info: version: '4.7.0', revision: '0a5b49d16f'
System info: os.name: 'Windows 10', os.arch: 'amd64', os.version: '10.0', java.version: '1.8.0_202'
Driver info: io.appium.java_client.android.AndroidDriver
Command: [d78eb2e2-7584-4458-9eba-85606aec14bb, findElement {using=accessibility id, value=Profile}]
Capabilities {appium:app: D:\Automation\KapivaMobileA..., appium:appPackage: com.kapiva.app, appium:autoGrantPermissions: true, appium:automationName: UiAutomator2, appium:databaseEnabled: false, appium:desired: {app: D:\Automation\KapivaMobileA..., autoGrantPermissions: true, automationName: UiAutomator2, deviceName: Pixel, platformName: android, uiautomater2ServerInstallTimeout: 20000}, appium:deviceApiLevel: 30, appium:deviceManufacturer: Google, appium:deviceModel: sdk_gphone_x86, appium:deviceName: emulator-5554, appium:deviceScreenDensity: 420, appium:deviceScreenSize: 1080x1920, appium:deviceUDID: emulator-5554, appium:javascriptEnabled: true, appium:locationContextEnabled: false, appium:networkConnectionEnabled: true, appium:pixelRatio: 2.625, appium:platformVersion: 11, appium:statBarHeight: 63, appium:takesScreenshot: true, appium:uiautomater2ServerInstallTimeout: 20000, appium:viewportRect: {height: 1731, left: 0, top: 63, width: 1080}, appium:warnings: {}, appium:webStorageEnabled: false, platformName: ANDROID}
Session ID: d78eb2e2-7584-4458-9eba-85606aec14bb
	at Tests.Login.LoginTest(Login.java:60)

