<?xml version="1.0" encoding="UTF-8"?>
<testng-results skipped="0" failed="0" ignored="0" total="1" passed="1">
  <reporter-output>
  </reporter-output>
  <suite name="Surefire suite" duration-ms="81017" started-at="2023-01-06T11:36:37 IST" finished-at="2023-01-06T11:37:58 IST">
    <groups>
    </groups>
    <test name="Surefire test" duration-ms="81017" started-at="2023-01-06T11:36:37 IST" finished-at="2023-01-06T11:37:58 IST">
      <class name="Tests.PayOnline_workflow">
        <test-method status="PASS" signature="PayOnlineTest()[pri:0, instance:Tests.PayOnline_workflow@52feb982]" name="PayOnlineTest" duration-ms="80971" started-at="2023-01-06T11:36:37 IST" finished-at="2023-01-06T11:37:58 IST">
          <reporter-output>
          </reporter-output>
        </test-method> <!-- PayOnlineTest -->
      </class> <!-- Tests.PayOnline_workflow -->
    </test> <!-- Surefire test -->
  </suite> <!-- Surefire suite -->
</testng-results>
