<?xml version="1.0" encoding="UTF-8"?>
<testng-results skipped="0" failed="0" ignored="0" total="1" passed="1">
  <reporter-output>
  </reporter-output>
  <suite name="Surefire suite" duration-ms="42886" started-at="2022-12-21T17:40:59 IST" finished-at="2022-12-21T17:41:41 IST">
    <groups>
    </groups>
    <test name="Surefire test" duration-ms="42886" started-at="2022-12-21T17:40:59 IST" finished-at="2022-12-21T17:41:41 IST">
      <class name="Tests.Login">
        <test-method status="PASS" signature="LoginTest()[pri:0, instance:Tests.Login@33c7e1bb]" name="LoginTest" duration-ms="42823" started-at="2022-12-21T17:40:59 IST" finished-at="2022-12-21T17:41:41 IST">
          <reporter-output>
          </reporter-output>
        </test-method> <!-- LoginTest -->
      </class> <!-- Tests.Login -->
    </test> <!-- Surefire test -->
  </suite> <!-- Surefire suite -->
</testng-results>
