<?xml version="1.0" encoding="UTF-8"?>
<testng-results ignored="0" total="1" passed="1" failed="0" skipped="0">
  <reporter-output>
  </reporter-output>
  <suite started-at="2022-12-22T17:08:44 IST" name="Default suite" finished-at="2022-12-22T17:09:44 IST" duration-ms="59598">
    <groups>
    </groups>
    <test started-at="2022-12-22T17:08:44 IST" name="Default test" finished-at="2022-12-22T17:09:44 IST" duration-ms="59598">
      <class name="Tests.PayOnline_workflow">
        <test-method signature="PayOnlineTest()[pri:0, instance:Tests.PayOnline_workflow@2d52216b]" started-at="2022-12-22T17:08:44 IST" name="PayOnlineTest" finished-at="2022-12-22T17:09:44 IST" duration-ms="59533" status="PASS">
          <reporter-output>
          </reporter-output>
        </test-method> <!-- PayOnlineTest -->
      </class> <!-- Tests.PayOnline_workflow -->
    </test> <!-- Default test -->
  </suite> <!-- Default suite -->
</testng-results>
