<?xml version="1.0" encoding="UTF-8"?>
<testng-results ignored="0" total="1" passed="1" failed="0" skipped="0">
  <reporter-output>
  </reporter-output>
  <suite started-at="2023-01-05T15:56:18 IST" name="Default suite" finished-at="2023-01-05T15:57:36 IST" duration-ms="77620">
    <groups>
    </groups>
    <test started-at="2023-01-05T15:56:18 IST" name="Default test" finished-at="2023-01-05T15:57:36 IST" duration-ms="77620">
      <class name="Tests.PayOnline_workflow">
        <test-method signature="PayOnlineTest()[pri:0, instance:Tests.PayOnline_workflow@73e9cf30]" started-at="2023-01-05T15:56:18 IST" name="PayOnlineTest" finished-at="2023-01-05T15:57:36 IST" duration-ms="77528" status="PASS">
          <reporter-output>
          </reporter-output>
        </test-method> <!-- PayOnlineTest -->
      </class> <!-- Tests.PayOnline_workflow -->
    </test> <!-- Default test -->
  </suite> <!-- Default suite -->
</testng-results>
